<?xml version="1.0" encoding="UTF-8"?>
<!-- Generated by org.testng.reporters.JUnitXMLReporter -->
<testsuite ignored="0" hostname="LAPTOP-S2V733QP" failures="0" tests="2" name="Test" time="42.313" errors="0" timestamp="2021-05-26T16:23:27 EDT">
  <testcase classname="Com.AutomationLearner.BootCampSpring2021.HomeDepotNewUserAccountCreation" name="@BeforeClass browsers" time="-1.622060570983E9">
    <failure type="org.testng.TestNGException" message="
Parameter &amp;apos;browser&amp;apos; is required by BeforeClass on method browsers but has not been marked @Optional or defined
in C:\Users\asma_\eclipse-workspace\BootCampSpring2021\testng.xml">
      <![CDATA[org.testng.TestNGException: 
Parameter 'browser' is required by BeforeClass on method browsers but has not been marked @Optional or defined
in C:\Users\asma_\eclipse-workspace\BootCampSpring2021\testng.xml
at java.base/java.util.ArrayList.forEach(ArrayList.java:1541)
... Removed 22 stack frames]]>
    </failure>
  </testcase> <!-- @BeforeClass browsers -->
  <testcase classname="Com.AutomationLearner.BootCampSpring2021.HomeDepotNewUserAccountCreation" name="@AfterTest teardown" time="-1.622060607766E9">
    <skipped/>
  </testcase> <!-- @AfterTest teardown -->
  <testcase classname="Com.AutomationLearner.BootCampSpring2021.SearchFlightsForRoundTrip" name="@AfterTest afterTest" time="-1.622060607767E9">
    <skipped/>
  </testcase> <!-- @AfterTest afterTest -->
  <testcase classname="Com.AutomationLearner.BootCampSpring2021.HomeDepotNewUserAccountCreation" name="homeDepotNewUserRegistration" time="0.0">
    <skipped/>
  </testcase> <!-- homeDepotNewUserRegistration -->
  <testcase classname="Com.AutomationLearner.BootCampSpring2021.SearchFlightsForRoundTrip" name="test" time="36.761"/>
</testsuite> <!-- Test -->
