<?xml version="1.0" encoding="UTF-8"?>
<!-- Generated by org.testng.reporters.JUnitXMLReporter -->
<testsuite ignored="0" hostname="LAPTOP-S2V733QP" failures="0" tests="2" name="HomeDepotAccount" time="0.048" errors="0" timestamp="2021-05-26T18:03:34 EDT">
  <testcase classname="Com.AutomationLearner.BootCampSpring2021.HomeDepotNewUserAccountCreation" name="@BeforeClass browsers" time="-1.622066614769E9">
    <failure type="org.testng.TestNGException" message="
Parameter &amp;apos;browser&amp;apos; is required by BeforeClass on method browsers but has not been marked @Optional or defined
in C:\Users\asma_\eclipse-workspace\BootCampSpring2021\testng.xml">
      <![CDATA[org.testng.TestNGException: 
Parameter 'browser' is required by BeforeClass on method browsers but has not been marked @Optional or defined
in C:\Users\asma_\eclipse-workspace\BootCampSpring2021\testng.xml
at java.base/java.util.ArrayList.forEach(ArrayList.java:1541)
... Removed 22 stack frames]]>
    </failure>
  </testcase> <!-- @BeforeClass browsers -->
  <testcase classname="Com.AutomationLearner.BootCampSpring2021.SearchFlightsForRoundTrip" name="@BeforeClass browsers" time="-1.622066614795E9">
    <failure type="org.testng.TestNGException" message="
Parameter &amp;apos;browser&amp;apos; is required by BeforeClass on method browsers but has not been marked @Optional or defined
in C:\Users\asma_\eclipse-workspace\BootCampSpring2021\testng.xml">
      <![CDATA[org.testng.TestNGException: 
Parameter 'browser' is required by BeforeClass on method browsers but has not been marked @Optional or defined
in C:\Users\asma_\eclipse-workspace\BootCampSpring2021\testng.xml
at java.base/java.util.ArrayList.forEach(ArrayList.java:1541)
... Removed 22 stack frames]]>
    </failure>
  </testcase> <!-- @BeforeClass browsers -->
  <testcase classname="Com.AutomationLearner.BootCampSpring2021.HomeDepotNewUserAccountCreation" name="@AfterTest teardown" time="-1.622066614798E9">
    <skipped/>
  </testcase> <!-- @AfterTest teardown -->
  <testcase classname="Com.AutomationLearner.BootCampSpring2021.SearchFlightsForRoundTrip" name="@AfterTest afterTest" time="-1.6220666148E9">
    <skipped/>
  </testcase> <!-- @AfterTest afterTest -->
  <testcase classname="Com.AutomationLearner.BootCampSpring2021.HomeDepotNewUserAccountCreation" name="homeDepotNewUserRegistration" time="0.0">
    <skipped/>
  </testcase> <!-- homeDepotNewUserRegistration -->
  <testcase classname="Com.AutomationLearner.BootCampSpring2021.SearchFlightsForRoundTrip" name="test" time="0.0">
    <skipped/>
  </testcase> <!-- test -->
</testsuite> <!-- HomeDepotAccount -->
